08:07:11.178 [main] INFO com.rbs.bdd.application.service.CustomerRetrievalService -- TransactionID: null,Message: Account matched in config list for IBAN: GB29NWBK60161331926801
08:07:11.179 [main] INFO com.rbs.bdd.application.service.CustomerRetrievalService -- TransactionID: null,Message: Entered in buildSuccessResponse
08:07:11.179 [main] INFO com.rbs.bdd.application.service.CustomerRetrievalService -- TransactionID: null,Message: Loading the SOAP Request 
08:07:11.186 [main] INFO com.rbs.bdd.application.service.CustomerRetrievalService -- TransactionID: null,Message: Setting the Customer Name information in the response
08:07:11.188 [main] INFO com.rbs.bdd.util.ValidationUtils -- Entered in writeResponseToSoapMessage
08:07:11.244 [main] INFO com.rbs.bdd.application.service.CustomerRetrievalService -- TransactionID: null,Message: Schema validated successfully by Spring WS.
08:07:11.244 [main] INFO com.rbs.bdd.application.service.CustomerRetrievalService -- TransactionID: null,Message: Entered in retrieveCustomer.
08:07:11.244 [main] INFO com.rbs.bdd.application.service.CustomerRetrievalService -- TransactionID: null,Message: Extract Params from request 
08:07:11.244 [main] INFO com.rbs.bdd.application.service.CustomerRetrievalService -- TransactionID: null,Message: Entered in determineCustomerRetrievalError
08:07:11.244 [main] INFO com.rbs.bdd.util.ValidationUtils -- Account Type is :InternationalBankAccountNumber
08:07:11.244 [main] INFO com.rbs.bdd.util.ValidationUtils -- No error for IBAN [InternationalBankAccountNumber] in CustomerRetrieval with identifier: GB29NWBK60161300000000
08:07:11.244 [main] ERROR com.rbs.bdd.application.service.CustomerRetrievalService -- TransactionID: null,Message: Customer Not Found for IBAN: GB29NWBK60161300000000
08:07:11.244 [main] INFO com.rbs.bdd.application.service.CustomerRetrievalService -- Building the Error Response 
08:07:11.244 [main] INFO com.rbs.bdd.application.service.CustomerRetrievalService -- TransactionID: null,Message: Loading the SOAP Request 
08:07:11.245 [main] INFO com.rbs.bdd.application.service.CustomerRetrievalService -- TransactionID: null,Message: Entered in applyErrorResponse
08:07:11.247 [main] ERROR com.rbs.bdd.application.service.CustomerRetrievalService -- TransactionID: null,Message: Error occured :Customer Not Found
08:07:11.248 [main] INFO com.rbs.bdd.util.ValidationUtils -- Entered in writeResponseToSoapMessage
[ERROR] Tests run: 5, Failures: 0, Errors: 2, Skipped: 0, Time elapsed: 0.459 s <<< FAILURE! - in com.rbs.bdd.application.service.CustomerRetrievalServiceTest
[ERROR] testInvalidUbanLength  Time elapsed: 0.3 s  <<< ERROR!
org.mockito.exceptions.misusing.UnnecessaryStubbingException: 
Unnecessary stubbings detected.
Clean & maintainable test code requires zero unnecessary code.
Following stubbings are unnecessary (click to navigate to relevant line of code):
  1. -> at com.rbs.bdd.application.service.CustomerRetrievalServiceTest.setup(CustomerRetrievalServiceTest.java:52)
Please remove unnecessary stubbings or use 'lenient' strictness. More info: javadoc for UnnecessaryStubbingException class.
[ERROR] testGbPrefixedUban  Time elapsed: 0.023 s  <<< ERROR!
org.mockito.exceptions.misusing.UnnecessaryStubbingException: 
Unnecessary stubbings detected.
Clean & maintainable test code requires zero unnecessary code.
Following stubbings are unnecessary (click to navigate to relevant line of code):
  1. -> at com.rbs.bdd.application.service.CustomerRetrievalServiceTest.setup(CustomerRetrievalServiceTest.java:52)
Please remove unnecessary stubbings or use 'lenient' strictness. More info: javadoc for UnnecessaryStubbingException class.
[INFO] Running com.rbs.bdd.application.service.PaymentOrchestratorTest
08:07:11.361 [main] INFO com.rbs.bdd.application.service.AccountValidationOrchestrator -- Account Validation Orchestrator Service is called for account validation
[INFO] Tests run: 1, Failures: 0, Errors: 0, Skipped: 0, Time elapsed: 0.105 s - in com.rbs.bdd.application.service.PaymentOrchestratorTest
[INFO] Running com.rbs.bdd.infrastructure.soap.api.PaymentValidationSoapAdapterTest
08:07:11.532 [main] INFO com.rbs.bdd.infrastructure.soap.api.PaymentValidationSoapAdapter -- validateArrangementForPayment is called
08:07:11.534 [main] INFO com.rbs.bdd.infrastructure.soap.api.PaymentValidationSoapAdapter -- validateCustomerRetrieval is called
[INFO] Tests run: 2, Failures: 0, Errors: 0, Skipped: 0, Time elapsed: 0.168 s - in com.rbs.bdd.infrastructure.soap.api.PaymentValidationSoapAdapterTest
[INFO] Running com.rbs.bdd.infrastructure.soap.interceptor.AccountSchemaValidationInterceptorTest
08:07:11.672 [main] ERROR com.rbs.bdd.infrastructure.soap.interceptor.AccountSchemaValidationInterceptor -- Schema validation failed For Account Validation 
08:07:11.673 [main] INFO com.rbs.bdd.util.SoapInterceptorUtils -- Schema validation failed.Entered in handleSchemaValidationErrors method 
08:07:11.712 [main] INFO com.rbs.bdd.util.SoapInterceptorUtils -- Entered in updateDynamicFields for accountValidation
08:07:11.732 [main] INFO com.rbs.bdd.util.SoapInterceptorUtils -- Entered in handleRefRequestIds
08:07:11.732 [main] INFO com.rbs.bdd.util.SoapInterceptorUtils -- Sending the sendCustomSoapFault 
08:07:11.796 [main] INFO com.rbs.bdd.infrastructure.soap.interceptor.AccountSchemaValidationInterceptor --  Entered in handleRequest method
[INFO] Tests run: 3, Failures: 0, Errors: 0, Skipped: 0, Time elapsed: 0.256 s - in com.rbs.bdd.infrastructure.soap.interceptor.AccountSchemaValidationInterceptorTest
[INFO] Running com.rbs.bdd.infrastructure.soap.interceptor.CustomerRetrievalSchemaValidationInterceptorTest
08:07:11.802 [main] ERROR com.rbs.bdd.infrastructure.soap.interceptor.CustomerSchemaValidationInterceptor -- Schema validation failed. Entered in handleRequestValidationErrors method
08:07:11.802 [main] INFO com.rbs.bdd.util.SoapInterceptorUtils -- Schema validation failed.Entered in handleSchemaValidationErrors method 
08:07:11.831 [main] INFO com.rbs.bdd.util.SoapInterceptorUtils -- Entered in updateFields for customer retrieval
08:07:11.832 [main] INFO com.rbs.bdd.util.SoapInterceptorUtils -- Sending the sendCustomSoapFault 
08:07:11.838 [main] ERROR com.rbs.bdd.infrastructure.soap.interceptor.CustomerSchemaValidationInterceptor -- Schema validation failed. Entered in handleRequestValidationErrors method
08:07:11.838 [main] INFO com.rbs.bdd.util.SoapInterceptorUtils -- Schema validation failed.Entered in handleSchemaValidationErrors method 
08:07:11.841 [main] INFO com.rbs.bdd.util.SoapInterceptorUtils -- Entered in updateFields for customer retrieval
08:07:11.842 [main] INFO com.rbs.bdd.util.SoapInterceptorUtils -- Sending the sendCustomSoapFault 
08:07:11.846 [main] ERROR com.rbs.bdd.infrastructure.soap.interceptor.AccountSchemaValidationInterceptor -- Schema validation failed For Account Validation 
08:07:11.846 [main] INFO com.rbs.bdd.util.SoapInterceptorUtils -- Schema validation failed.Entered in handleSchemaValidationErrors method 
[Fatal Error] :1:1: Premature end of file.
08:07:11.850 [main] ERROR com.rbs.bdd.util.SoapInterceptorUtils -- Error during schema validation interception
org.xml.sax.SAXParseException: Premature end of file.
	at java.xml/com.sun.org.apache.xerces.internal.parsers.DOMParser.parse(DOMParser.java:262)
	at java.xml/com.sun.org.apache.xerces.internal.jaxp.DocumentBuilderImpl.parse(DocumentBuilderImpl.java:342)
	at java.xml/javax.xml.parsers.DocumentBuilder.parse(DocumentBuilder.java:122)
	at com.rbs.bdd.util.SoapInterceptorUtils.extractRequestDocument(SoapInterceptorUtils.java:162)
	at com.rbs.bdd.util.SoapInterceptorUtils.handleSchemaValidationErrors(SoapInterceptorUtils.java:183)
	at com.rbs.bdd.infrastructure.soap.interceptor.AccountSchemaValidationInterceptor.handleRequestValidationErrors(AccountSchemaValidationInterceptor.java:47)
	at com.rbs.bdd.infrastructure.soap.interceptor.CustomerRetrievalSchemaValidationInterceptorTest.lambda$testHandleRequestValidationErrors_missingStaticXml$0(CustomerRetrievalSchemaValidationInterceptorTest.java:104)
	at org.junit.jupiter.api.AssertThrows.assertThrows(AssertThrows.java:53)
	at org.junit.jupiter.api.AssertThrows.assertThrows(AssertThrows.java:35)
	at org.junit.jupiter.api.Assertions.assertThrows(Assertions.java:3128)
	at com.rbs.bdd.infrastructure.soap.interceptor.CustomerRetrievalSchemaValidationInterceptorTest.testHandleRequestValidationErrors_missingStaticXml(CustomerRetrievalSchemaValidationInterceptorTest.java:103)
	at java.base/jdk.internal.reflect.DirectMethodHandleAccessor.invoke(DirectMethodHandleAccessor.java:103)
	at java.base/java.lang.reflect.Method.invoke(Method.java:580)
	at org.junit.platform.commons.util.ReflectionUtils.invokeMethod(ReflectionUtils.java:767)
	at org.junit.jupiter.engine.execution.MethodInvocation.proceed(MethodInvocation.java:60)
	at org.junit.jupiter.engine.execution.InvocationInterceptorChain$ValidatingInvocation.proceed(InvocationInterceptorChain.java:131)
	at org.junit.jupiter.engine.extension.TimeoutExtension.intercept(TimeoutExtension.java:156)
	at org.junit.jupiter.engine.extension.TimeoutExtension.interceptTestableMethod(TimeoutExtension.java:147)
	at org.junit.jupiter.engine.extension.TimeoutExtension.interceptTestMethod(TimeoutExtension.java:86)
	at org.junit.jupiter.engine.execution.InterceptingExecutableInvoker$ReflectiveInterceptorCall.lambda$ofVoidMethod$0(InterceptingExecutableInvoker.java:103)
	at org.junit.jupiter.engine.execution.InterceptingExecutableInvoker.lambda$invoke$0(InterceptingExecutableInvoker.java:93)
	at org.junit.jupiter.engine.execution.InvocationInterceptorChain$InterceptedInvocation.proceed(InvocationInterceptorChain.java:106)
	at org.junit.jupiter.engine.execution.InvocationInterceptorChain.proceed(InvocationInterceptorChain.java:64)
	at org.junit.jupiter.engine.execution.InvocationInterceptorChain.chainAndInvoke(InvocationInterceptorChain.java:45)
	at org.junit.jupiter.engine.execution.InvocationInterceptorChain.invoke(InvocationInterceptorChain.java:37)
	at org.junit.jupiter.engine.execution.InterceptingExecutableInvoker.invoke(InterceptingExecutableInvoker.java:92)
	at org.junit.jupiter.engine.execution.InterceptingExecutableInvoker.invoke(InterceptingExecutableInvoker.java:86)
	at org.junit.jupiter.engine.descriptor.TestMethodTestDescriptor.lambda$invokeTestMethod$8(TestMethodTestDescriptor.java:217)
	at org.junit.platform.engine.support.hierarchical.ThrowableCollector.execute(ThrowableCollector.java:73)
	at org.junit.jupiter.engine.descriptor.TestMethodTestDescriptor.invokeTestMethod(TestMethodTestDescriptor.java:213)
	at org.junit.jupiter.engine.descriptor.TestMethodTestDescriptor.execute(TestMethodTestDescriptor.java:138)
	at org.junit.jupiter.engine.descriptor.TestMethodTestDescriptor.execute(TestMethodTestDescriptor.java:68)
	at org.junit.platform.engine.support.hierarchical.NodeTestTask.lambda$executeRecursively$6(NodeTestTask.java:156)
	at org.junit.platform.engine.support.hierarchical.ThrowableCollector.execute(ThrowableCollector.java:73)
	at org.junit.platform.engine.support.hierarchical.NodeTestTask.lambda$executeRecursively$8(NodeTestTask.java:146)
	at org.junit.platform.engine.support.hierarchical.Node.around(Node.java:137)
	at org.junit.platform.engine.support.hierarchical.NodeTestTask.lambda$executeRecursively$9(NodeTestTask.java:144)
	at org.junit.platform.engine.support.hierarchical.ThrowableCollector.execute(ThrowableCollector.java:73)
	at org.junit.platform.engine.support.hierarchical.NodeTestTask.executeRecursively(NodeTestTask.java:143)
	at org.junit.platform.engine.support.hierarchical.NodeTestTask.execute(NodeTestTask.java:100)
	at java.base/java.util.ArrayList.forEach(ArrayList.java:1596)
	at org.junit.platform.engine.support.hierarchical.SameThreadHierarchicalTestExecutorService.invokeAll(SameThreadHierarchicalTestExecutorService.java:41)
	at org.junit.platform.engine.support.hierarchical.NodeTestTask.lambda$executeRecursively$6(NodeTestTask.java:160)
	at org.junit.platform.engine.support.hierarchical.ThrowableCollector.execute(ThrowableCollector.java:73)
	at org.junit.platform.engine.support.hierarchical.NodeTestTask.lambda$executeRecursively$8(NodeTestTask.java:146)
	at org.junit.platform.engine.support.hierarchical.Node.around(Node.java:137)
	at org.junit.platform.engine.support.hierarchical.NodeTestTask.lambda$executeRecursively$9(NodeTestTask.java:144)
	at org.junit.platform.engine.support.hierarchical.ThrowableCollector.execute(ThrowableCollector.java:73)
	at org.junit.platform.engine.support.hierarchical.NodeTestTask.executeRecursively(NodeTestTask.java:143)
	at org.junit.platform.engine.support.hierarchical.NodeTestTask.execute(NodeTestTask.java:100)
	at java.base/java.util.ArrayList.forEach(ArrayList.java:1596)
	at org.junit.platform.engine.support.hierarchical.SameThreadHierarchicalTestExecutorService.invokeAll(SameThreadHierarchicalTestExecutorService.java:41)
	at org.junit.platform.engine.support.hierarchical.NodeTestTask.lambda$executeRecursively$6(NodeTestTask.java:160)
	at org.junit.platform.engine.support.hierarchical.ThrowableCollector.execute(ThrowableCollector.java:73)
	at org.junit.platform.engine.support.hierarchical.NodeTestTask.lambda$executeRecursively$8(NodeTestTask.java:146)
	at org.junit.platform.engine.support.hierarchical.Node.around(Node.java:137)
	at org.junit.platform.engine.support.hierarchical.NodeTestTask.lambda$executeRecursively$9(NodeTestTask.java:144)
	at org.junit.platform.engine.support.hierarchical.ThrowableCollector.execute(ThrowableCollector.java:73)
	at org.junit.platform.engine.support.hierarchical.NodeTestTask.executeRecursively(NodeTestTask.java:143)
	at org.junit.platform.engine.support.hierarchical.NodeTestTask.execute(NodeTestTask.java:100)
	at org.junit.platform.engine.support.hierarchical.SameThreadHierarchicalTestExecutorService.submit(SameThreadHierarchicalTestExecutorService.java:35)
	at org.junit.platform.engine.support.hierarchical.HierarchicalTestExecutor.execute(HierarchicalTestExecutor.java:57)
	at org.junit.platform.engine.support.hierarchical.HierarchicalTestEngine.execute(HierarchicalTestEngine.java:54)
	at org.junit.platform.launcher.core.DefaultLauncher.execute(DefaultLauncher.java:220)
	at org.junit.platform.launcher.core.DefaultLauncher.lambda$execute$6(DefaultLauncher.java:188)
	at org.junit.platform.launcher.core.DefaultLauncher.withInterceptedStreams(DefaultLauncher.java:202)
	at org.junit.platform.launcher.core.DefaultLauncher.execute(DefaultLauncher.java:181)
	at org.junit.platform.launcher.core.DefaultLauncher.execute(DefaultLauncher.java:128)
	at org.apache.maven.surefire.junitplatform.JUnitPlatformProvider.invokeAllTests(JUnitPlatformProvider.java:150)
	at org.apache.maven.surefire.junitplatform.JUnitPlatformProvider.invoke(JUnitPlatformProvider.java:124)
	at org.apache.maven.surefire.booter.ForkedBooter.invokeProviderInSameClassLoader(ForkedBooter.java:384)
	at org.apache.maven.surefire.booter.ForkedBooter.runSuitesInProcess(ForkedBooter.java:345)
	at org.apache.maven.surefire.booter.ForkedBooter.execute(ForkedBooter.java:126)
	at org.apache.maven.surefire.booter.ForkedBooter.main(ForkedBooter.java:418)
08:07:11.860 [main] ERROR com.rbs.bdd.infrastructure.soap.interceptor.CustomerSchemaValidationInterceptor -- Entered in handleRequest 
[INFO] Tests run: 5, Failures: 0, Errors: 0, Skipped: 0, Time elapsed: 0.061 s - in com.rbs.bdd.infrastructure.soap.interceptor.CustomerRetrievalSchemaValidationInterceptorTest
[INFO] 
[INFO] Results:
[INFO] 
[ERROR] Errors: 
[ERROR]   CustomerRetrievalServiceTest.testGbPrefixedUban ? UnnecessaryStubbing 
Unneces...
[ERROR]   CustomerRetrievalServiceTest.testInvalidUbanLength ? UnnecessaryStubbing 
Unne...
[INFO] 
[ERROR] Tests run: 30, Failures: 0, Errors: 2, Skipped: 0
[INFO] 
[INFO] ------------------------------------------------------------------------
[INFO] Reactor Summary for bdd-ms-esp-simulation-service Parent 1.0:
[INFO] 
[INFO] bdd-ms-esp-simulation-service Parent ............... SUCCESS [  2.070 s]
[INFO] bdd-ms-esp-simulation-service ...................... FAILURE [01:05 min]
[INFO] bdd-ms-esp-simulation-service Performance .......... SKIPPED
[INFO] bdd-ms-esp-simulation-service Acceptance ........... SKIPPED
[INFO] Report for code coverage ........................... SKIPPED
[INFO] Docker module ...................................... SKIPPED
[INFO] Report for code coverage ........................... SKIPPED
[INFO] bdd-ms-esp-simulation-service Smoke testing ........ SKIPPED
[INFO] ------------------------------------------------------------------------
[INFO] BUILD FAILURE
[INFO] ------------------------------------------------------------------------
[INFO] Total time:  01:11 min
[INFO] Finished at: 2025-07-10T08:07:12Z
[INFO] ------------------------------------------------------------------------
[ERROR] Failed to execute goal org.apache.maven.plugins:maven-surefire-plugin:2.22.2:test (default-test) on project bdd-ms-esp-simulation-service: There are test failures.
[ERROR] 
[ERROR] Please refer to /builds/natwestgroup/DigitalX/CommercialAndInstitutionalBankingCDIO/Digital/VH/customer-integration-services/bdd-ms-esp-simulation-service/bdd-ms-esp-simulation-service/target/surefire-reports for the individual test results.
[ERROR] Please refer to dump files (if any exist) [date].dump, [date]-jvmRun[N].dump and [date].dumpstream.
[ERROR] -> [Help 1]
[ERROR] 
[ERROR] To see the full stack trace of the errors, re-run Maven with the -e switch.
[ERROR] Re-run Maven using the -X switch to enable full debug logging.
[ERROR] 
[ERROR] For more information about the errors and possible solutions, please read the following articles:
[ERROR] [Help 1] http://cwiki.apache.org/confluence/display/MAVEN/MojoFailureException
[ERROR] 
[ERROR] After correcting the problems, you can resume the build with the command
[ERROR]   mvn <args> -rf :bdd-ms-esp-simulation-service
Uploading artifacts for failed job
00:02
Uploading artifacts...
WARNING: target/surefire-reports/TEST-*.xml: no matching files. Ensure that the artifact path is relative to the working directory (/builds/natwestgroup/DigitalX/CommercialAndInstitutionalBankingCDIO/Digital/VH/customer-integration-services/bdd-ms-esp-simulation-service) 
WARNING: target/failsafe-reports/TEST-*.xml: no matching files. Ensure that the artifact path is relative to the working directory (/builds/natwestgroup/DigitalX/CommercialAndInstitutionalBankingCDIO/Digital/VH/customer-integration-services/bdd-ms-esp-simulation-service) 
./**/target/surefire-reports/TEST-*.xml: found 9 matching artifact files and directories 
WARNING: ./**/target/failsafe-reports/TEST-*.xml: no matching files. Ensure that the artifact path is relative to the working directory (/builds/natwestgroup/DigitalX/CommercialAndInstitutionalBankingCDIO/Digital/VH/customer-integration-services/bdd-ms-esp-simulation-service) 
Uploading artifacts as "junit" to coordinator... 201 Created  id=40460256 responseStatus=201 Created token=glcbt-64
Uploading artifacts...
WARNING: dotenv.env: no matching files. Ensure that the 
